<?xml version="1.0" encoding="UTF-8"?>
<testng-results ignored="0" total="2" passed="2" failed="0" skipped="0">
  <reporter-output>
  </reporter-output>
  <suite started-at="2022-06-27T14:43:43 BDT" name="Default suite" finished-at="2022-06-27T14:43:49 BDT" duration-ms="6194">
    <groups>
    </groups>
    <test started-at="2022-06-27T14:43:43 BDT" name="Default test" finished-at="2022-06-27T14:43:49 BDT" duration-ms="6194">
      <class name="test.loginWithTestNGDemo">
        <test-method is-config="true" signature="setUp()[pri:0, instance:test.loginWithTestNGDemo@3012646b]" started-at="2022-06-27T14:43:43 BDT" name="setUp" finished-at="2022-06-27T14:43:43 BDT" duration-ms="527" status="PASS">
          <reporter-output>
          </reporter-output>
        </test-method> <!-- setUp -->
        <test-method signature="logInDarazAccount()[pri:0, instance:test.loginWithTestNGDemo@3012646b]" started-at="2022-06-27T14:43:43 BDT" name="logInDarazAccount" finished-at="2022-06-27T14:43:49 BDT" duration-ms="5576" status="PASS">
          <reporter-output>
          </reporter-output>
        </test-method> <!-- logInDarazAccount -->
        <test-method signature="tearDownTest()[pri:0, instance:test.loginWithTestNGDemo@3012646b]" started-at="2022-06-27T14:43:49 BDT" name="tearDownTest" finished-at="2022-06-27T14:43:49 BDT" duration-ms="73" status="PASS">
          <reporter-output>
          </reporter-output>
        </test-method> <!-- tearDownTest -->
        <test-method is-config="true" signature="tearDownTest()[pri:0, instance:test.loginWithTestNGDemo@3012646b]" started-at="2022-06-27T14:43:49 BDT" name="tearDownTest" finished-at="2022-06-27T14:43:49 BDT" duration-ms="0" status="PASS">
          <reporter-output>
          </reporter-output>
        </test-method> <!-- tearDownTest -->
      </class> <!-- test.loginWithTestNGDemo -->
    </test> <!-- Default test -->
  </suite> <!-- Default suite -->
</testng-results>
