<?xml version="1.0" encoding="UTF-8"?>
<testng-results ignored="0" total="1" passed="1" failed="0" skipped="0">
  <reporter-output>
  </reporter-output>
  <suite started-at="2022-07-19T12:14:35 BDT" name="Default suite" finished-at="2022-07-19T12:14:45 BDT" duration-ms="10553">
    <groups>
    </groups>
    <test started-at="2022-07-19T12:14:35 BDT" name="Default test" finished-at="2022-07-19T12:14:45 BDT" duration-ms="10553">
      <class name="test.webStoreOrderJourneyTest">
        <test-method is-config="true" signature="setUp()[pri:0, instance:test.webStoreOrderJourneyTest@3012646b]" started-at="2022-07-19T12:14:35 BDT" name="setUp" finished-at="2022-07-19T12:14:35 BDT" duration-ms="545" status="PASS">
          <reporter-output>
          </reporter-output>
        </test-method> <!-- setUp -->
        <test-method signature="testWebstoreAddtocart()[pri:0, instance:test.webStoreOrderJourneyTest@3012646b]" started-at="2022-07-19T12:14:35 BDT" name="testWebstoreAddtocart" finished-at="2022-07-19T12:14:45 BDT" duration-ms="9924" status="PASS">
          <reporter-output>
          </reporter-output>
        </test-method> <!-- testWebstoreAddtocart -->
        <test-method is-config="true" signature="tearDownTest()[pri:0, instance:test.webStoreOrderJourneyTest@3012646b]" started-at="2022-07-19T12:14:45 BDT" name="tearDownTest" finished-at="2022-07-19T12:14:45 BDT" duration-ms="68" status="PASS">
          <reporter-output>
          </reporter-output>
        </test-method> <!-- tearDownTest -->
      </class> <!-- test.webStoreOrderJourneyTest -->
    </test> <!-- Default test -->
  </suite> <!-- Default suite -->
</testng-results>
